TN:
SF:src/constants.tsx
FN:5,(anonymous_0)
FN:11,(anonymous_1)
FN:17,(anonymous_2)
FN:23,(anonymous_3)
FN:29,(anonymous_4)
FN:35,(anonymous_5)
FN:41,(anonymous_6)
FN:47,(anonymous_7)
FN:53,(anonymous_8)
FN:59,(anonymous_9)
FN:65,(anonymous_10)
FN:71,(anonymous_11)
FN:77,(anonymous_12)
FN:83,(anonymous_13)
FNF:14
FNH:7
FNDA:16,(anonymous_0)
FNDA:8,(anonymous_1)
FNDA:8,(anonymous_2)
FNDA:8,(anonymous_3)
FNDA:0,(anonymous_4)
FNDA:0,(anonymous_5)
FNDA:0,(anonymous_6)
FNDA:0,(anonymous_7)
FNDA:10,(anonymous_8)
FNDA:0,(anonymous_9)
FNDA:1,(anonymous_10)
FNDA:8,(anonymous_11)
FNDA:0,(anonymous_12)
FNDA:0,(anonymous_13)
DA:5,4
DA:6,16
DA:11,4
DA:12,8
DA:17,4
DA:18,8
DA:23,4
DA:24,8
DA:29,4
DA:30,0
DA:35,4
DA:36,0
DA:41,4
DA:42,0
DA:47,4
DA:48,0
DA:53,4
DA:54,10
DA:59,4
DA:60,0
DA:65,4
DA:66,1
DA:71,4
DA:72,8
DA:77,4
DA:78,0
DA:83,4
DA:84,0
LF:28
LH:21
BRF:0
BRH:0
end_of_record
TN:
SF:src/components/Chatbot.tsx
FN:20,(anonymous_0)
FN:26,(anonymous_1)
FN:32,(anonymous_2)
FN:38,(anonymous_3)
FN:47,(anonymous_4)
FN:51,(anonymous_5)
FN:55,(anonymous_6)
FN:64,(anonymous_7)
FN:86,(anonymous_8)
FN:107,(anonymous_9)
FN:112,(anonymous_10)
FN:122,(anonymous_11)
FN:133,(anonymous_12)
FN:156,(anonymous_13)
FN:192,(anonymous_14)
FNF:15
FNH:15
FNDA:27,(anonymous_0)
FNDA:16,(anonymous_1)
FNDA:16,(anonymous_2)
FNDA:27,(anonymous_3)
FNDA:14,(anonymous_4)
FNDA:14,(anonymous_5)
FNDA:2,(anonymous_6)
FNDA:2,(anonymous_7)
FNDA:2,(anonymous_8)
FNDA:1,(anonymous_9)
FNDA:1,(anonymous_10)
FNDA:2,(anonymous_11)
FNDA:10,(anonymous_12)
FNDA:22,(anonymous_13)
FNDA:3,(anonymous_14)
DA:9,1
DA:20,1
DA:21,27
DA:26,1
DA:27,16
DA:32,1
DA:33,16
DA:38,1
DA:39,27
DA:40,27
DA:43,27
DA:44,27
DA:45,27
DA:47,27
DA:48,14
DA:51,27
DA:52,14
DA:55,27
DA:56,2
DA:58,2
DA:64,2
DA:65,2
DA:66,2
DA:68,2
DA:69,2
DA:71,2
DA:72,0
DA:75,2
DA:76,2
DA:86,2
DA:95,1
DA:96,0
DA:99,1
DA:101,1
DA:102,1
DA:107,1
DA:109,0
DA:112,1
DA:118,2
DA:122,27
DA:123,2
DA:124,2
DA:125,2
DA:129,27
DA:133,10
DA:157,22
DA:192,3
LF:47
LH:44
BRDA:56,0,0,0
BRDA:56,0,1,2
BRDA:56,1,0,2
BRDA:56,1,1,2
BRDA:71,2,0,0
BRDA:71,2,1,2
BRDA:95,3,0,0
BRDA:95,3,1,1
BRDA:101,4,0,1
BRDA:101,4,1,0
BRDA:123,5,0,2
BRDA:123,5,1,0
BRDA:123,6,0,2
BRDA:123,6,1,2
BRDA:137,7,0,16
BRDA:137,7,1,11
BRDA:141,8,0,27
BRDA:141,8,1,16
BRDA:159,9,0,4
BRDA:159,9,1,18
BRDA:163,10,0,4
BRDA:163,10,1,18
BRDA:172,11,0,16
BRDA:172,11,1,2
BRDA:200,12,0,16
BRDA:200,12,1,14
BRF:26
BRH:21
end_of_record
TN:
SF:src/components/Footer.tsx
FN:3,(anonymous_0)
FNF:1
FNH:1
FNDA:4,(anonymous_0)
DA:3,1
DA:4,4
LF:2
LH:2
BRF:0
BRH:0
end_of_record
TN:
SF:src/components/Header.tsx
FN:10,(anonymous_0)
FN:16,(anonymous_1)
FN:26,(anonymous_2)
FN:32,(anonymous_3)
FN:42,(anonymous_4)
FN:49,(anonymous_5)
FN:50,(anonymous_6)
FN:58,(anonymous_7)
FN:66,(anonymous_8)
FN:78,(anonymous_9)
FN:94,(anonymous_10)
FN:99,(anonymous_11)
FN:100,(anonymous_12)
FN:102,(anonymous_13)
FNF:14
FNH:7
FNDA:1,(anonymous_0)
FNDA:7,(anonymous_1)
FNDA:8,(anonymous_2)
FNDA:3,(anonymous_3)
FNDA:1,(anonymous_4)
FNDA:1,(anonymous_5)
FNDA:1,(anonymous_6)
FNDA:0,(anonymous_7)
FNDA:0,(anonymous_8)
FNDA:0,(anonymous_9)
FNDA:0,(anonymous_10)
FNDA:0,(anonymous_11)
FNDA:0,(anonymous_12)
FNDA:0,(anonymous_13)
DA:10,1
DA:11,1
DA:16,1
DA:17,7
DA:26,1
DA:27,8
DA:28,8
DA:29,8
DA:30,8
DA:32,8
DA:33,3
DA:34,3
DA:37,8
DA:42,1
DA:49,1
DA:50,1
DA:58,0
DA:66,0
DA:78,0
DA:94,0
DA:99,0
DA:100,0
DA:102,0
LF:23
LH:16
BRDA:55,0,0,7
BRDA:55,0,1,1
BRDA:56,1,0,7
BRDA:56,1,1,1
BRDA:60,2,0,8
BRDA:60,2,1,0
BRDA:68,3,0,8
BRDA:68,3,1,0
BRDA:80,4,0,8
BRDA:80,4,1,0
BRF:10
BRH:7
end_of_record
TN:
SF:src/components/Hero.tsx
FN:6,(anonymous_0)
FN:9,(anonymous_1)
FN:10,(anonymous_2)
FN:11,(anonymous_3)
FN:14,(anonymous_4)
FN:37,(anonymous_5)
FNF:6
FNH:6
FNDA:8,(anonymous_0)
FNDA:6,(anonymous_1)
FNDA:2,(anonymous_2)
FNDA:6,(anonymous_3)
FNDA:48,(anonymous_4)
FNDA:1,(anonymous_5)
DA:6,1
DA:7,8
DA:9,8
DA:10,6
DA:11,6
DA:14,48
DA:20,8
DA:37,1
LF:8
LH:8
BRDA:16,0,0,12
BRDA:16,0,1,36
BRDA:17,1,0,12
BRDA:17,1,1,36
BRF:4
BRH:4
end_of_record
TN:
SF:src/components/Team.tsx
FN:13,(anonymous_0)
FN:16,(anonymous_1)
FN:53,(anonymous_2)
FNF:3
FNH:2
FNDA:10,(anonymous_0)
FNDA:1,(anonymous_1)
FNDA:0,(anonymous_2)
DA:13,1
DA:14,10
DA:16,10
DA:17,1
DA:18,1
DA:19,1
DA:20,1
DA:23,0
DA:24,0
DA:25,0
DA:46,0
DA:54,0
DA:55,0
DA:70,1
DA:71,1
DA:72,1
DA:75,10
LF:17
LH:11
BRDA:18,0,0,1
BRDA:18,0,1,0
BRDA:58,1,0,0
BRDA:58,1,1,0
BRDA:59,2,0,1
BRDA:59,2,1,0
BRF:6
BRH:2
end_of_record
TN:
SF:src/components/TeamCard.tsx
FN:4,(anonymous_0)
FN:11,(anonymous_1)
FNF:2
FNH:1
FNDA:10,(anonymous_0)
FNDA:0,(anonymous_1)
DA:4,1
DA:5,10
DA:7,10
DA:12,0
LF:4
LH:3
BRF:0
BRH:0
end_of_record
TN:
SF:src/components/ui/Button.tsx
FN:28,(anonymous_0)
FNF:1
FNH:1
FNDA:74,(anonymous_0)
DA:9,3
DA:27,3
DA:29,74
DA:43,3
LF:4
LH:4
BRDA:28,0,0,74
BRDA:28,1,0,74
BRF:2
BRH:2
end_of_record
TN:
SF:src/components/ui/Input.tsx
FN:6,(anonymous_0)
FNF:1
FNH:1
FNDA:50,(anonymous_0)
DA:6,1
DA:7,50
DA:19,1
LF:3
LH:3
BRF:0
BRH:0
end_of_record
TN:
SF:src/components/ui/Select.tsx
FN:14,(anonymous_0)
FN:24,(anonymous_1)
FN:27,(anonymous_2)
FN:41,(anonymous_3)
FN:48,(anonymous_4)
FN:65,(anonymous_5)
FN:70,(anonymous_6)
FN:74,(anonymous_7)
FN:91,(anonymous_8)
FN:95,(anonymous_9)
FN:96,(anonymous_10)
FN:104,(anonymous_11)
FN:129,(anonymous_12)
FN:133,(anonymous_13)
FN:142,(anonymous_14)
FNF:15
FNH:14
FNDA:66,(anonymous_0)
FNDA:17,(anonymous_1)
FNDA:17,(anonymous_2)
FNDA:17,(anonymous_3)
FNDA:6,(anonymous_4)
FNDA:23,(anonymous_5)
FNDA:7,(anonymous_6)
FNDA:0,(anonymous_7)
FNDA:17,(anonymous_8)
FNDA:17,(anonymous_9)
FNDA:1,(anonymous_10)
FNDA:17,(anonymous_11)
FNDA:9,(anonymous_12)
FNDA:3,(anonymous_13)
FNDA:1,(anonymous_14)
DA:12,1
DA:14,1
DA:15,66
DA:16,66
DA:17,66
DA:24,1
DA:25,17
DA:27,17
DA:34,17
DA:41,1
DA:42,17
DA:43,17
DA:45,17
DA:48,6
DA:65,1
DA:66,23
DA:67,23
DA:68,23
DA:70,23
DA:71,7
DA:72,0
DA:73,0
DA:74,0
DA:76,0
DA:77,0
DA:80,7
DA:85,23
DA:89,1
DA:91,1
DA:92,17
DA:93,17
DA:95,17
DA:96,17
DA:97,1
DA:98,1
DA:101,17
DA:102,6
DA:104,17
DA:105,17
DA:109,17
DA:111,6
DA:129,1
DA:130,9
DA:131,9
DA:133,9
DA:134,3
DA:135,3
DA:138,9
DA:142,1
LF:49
LH:44
BRDA:16,0,0,0
BRDA:16,0,1,66
BRDA:71,1,0,0
BRDA:71,1,1,7
BRDA:71,2,0,7
BRDA:71,2,1,1
BRDA:74,3,0,0
BRDA:74,3,1,0
BRDA:76,4,0,0
BRDA:76,4,1,0
BRDA:77,5,0,0
BRDA:77,5,1,0
BRDA:97,6,0,1
BRDA:97,6,1,0
BRDA:97,7,0,1
BRDA:97,7,1,1
BRDA:101,8,0,6
BRDA:101,8,1,11
BRDA:109,9,0,11
BRDA:109,9,1,6
BRDA:142,10,0,1
BRDA:142,10,1,1
BRDA:148,11,0,9
BRDA:148,11,1,1
BRDA:152,12,0,9
BRDA:152,12,1,1
BRF:26
BRH:17
end_of_record
TN:
SF:src/components/ui/Sheet.tsx
FN:13,(anonymous_0)
FN:21,(anonymous_1)
FN:29,(anonymous_2)
FN:37,(anonymous_3)
FN:47,(anonymous_4)
FN:53,(anonymous_5)
FN:56,(anonymous_6)
FN:59,(anonymous_7)
FN:63,(anonymous_8)
FN:64,(anonymous_9)
FN:70,(anonymous_10)
FN:81,(anonymous_11)
FN:102,(anonymous_12)
FN:107,(anonymous_13)
FN:118,(anonymous_14)
FNF:15
FNH:7
FNDA:16,(anonymous_0)
FNDA:8,(anonymous_1)
FNDA:8,(anonymous_2)
FNDA:0,(anonymous_3)
FNDA:8,(anonymous_4)
FNDA:7,(anonymous_5)
FNDA:0,(anonymous_6)
FNDA:0,(anonymous_7)
FNDA:7,(anonymous_8)
FNDA:0,(anonymous_9)
FNDA:7,(anonymous_10)
FNDA:0,(anonymous_11)
FNDA:0,(anonymous_12)
FNDA:0,(anonymous_13)
FNDA:0,(anonymous_14)
DA:11,1
DA:13,1
DA:14,16
DA:15,16
DA:16,0
DA:18,16
DA:21,1
DA:22,8
DA:29,1
DA:30,8
DA:31,8
DA:36,8
DA:38,0
DA:39,0
DA:41,0
DA:47,1
DA:48,8
DA:49,8
DA:50,8
DA:51,8
DA:53,8
DA:54,7
DA:55,0
DA:56,0
DA:57,0
DA:59,0
DA:63,8
DA:64,7
DA:65,0
DA:66,0
DA:69,7
DA:70,7
DA:73,8
DA:75,0
DA:77,8
DA:81,0
DA:102,0
DA:108,0
DA:109,0
DA:111,0
DA:118,1
DA:119,0
DA:123,1
LF:43
LH:26
BRDA:15,0,0,0
BRDA:15,0,1,16
BRDA:38,1,0,0
BRDA:38,1,1,0
BRDA:54,2,0,0
BRDA:54,2,1,7
BRDA:54,3,0,7
BRDA:54,3,1,7
BRDA:65,4,0,0
BRDA:65,4,1,0
BRDA:73,5,0,8
BRDA:73,5,1,0
BRDA:73,6,0,8
BRDA:73,6,1,8
BRDA:75,7,0,0
BRDA:75,7,1,0
BRDA:84,8,0,0
BRDA:84,8,1,0
BRDA:108,9,0,0
BRDA:108,9,1,0
BRDA:108,10,0,0
BRDA:108,10,1,0
BRF:22
BRH:7
end_of_record
TN:
SF:src/context/CartContext.tsx
FN:6,(anonymous_0)
FN:26,(anonymous_1)
FN:30,(anonymous_2)
FN:31,(anonymous_3)
FN:32,(anonymous_4)
FN:34,(anonymous_5)
FN:43,(anonymous_6)
FN:44,(anonymous_7)
FN:44,(anonymous_8)
FN:47,(anonymous_9)
FN:51,(anonymous_10)
FN:52,(anonymous_11)
FN:59,(anonymous_12)
FN:63,(anonymous_13)
FN:64,(anonymous_14)
FN:67,(anonymous_15)
FN:68,(anonymous_16)
FNF:17
FNH:17
FNDA:34,(anonymous_0)
FNDA:34,(anonymous_1)
FNDA:8,(anonymous_2)
FNDA:8,(anonymous_3)
FNDA:2,(anonymous_4)
FNDA:1,(anonymous_5)
FNDA:2,(anonymous_6)
FNDA:2,(anonymous_7)
FNDA:2,(anonymous_8)
FNDA:2,(anonymous_9)
FNDA:1,(anonymous_10)
FNDA:1,(anonymous_11)
FNDA:1,(anonymous_12)
FNDA:34,(anonymous_13)
FNDA:8,(anonymous_14)
FNDA:34,(anonymous_15)
FNDA:8,(anonymous_16)
DA:6,3
DA:7,34
DA:8,34
DA:9,0
DA:11,34
DA:24,3
DA:26,3
DA:27,34
DA:28,34
DA:30,34
DA:31,8
DA:32,8
DA:33,8
DA:34,1
DA:35,1
DA:38,7
DA:40,8
DA:43,34
DA:44,2
DA:47,34
DA:48,2
DA:49,1
DA:51,1
DA:52,1
DA:53,1
DA:59,34
DA:60,1
DA:63,34
DA:64,34
DA:67,34
DA:68,34
DA:71,34
DA:81,34
LF:33
LH:32
BRDA:8,0,0,0
BRDA:8,0,1,34
BRDA:33,1,0,1
BRDA:33,1,1,7
BRDA:35,2,0,1
BRDA:35,2,1,0
BRDA:48,3,0,1
BRDA:48,3,1,1
BRDA:53,4,0,1
BRDA:53,4,1,0
BRF:10
BRH:7
end_of_record
TN:
SF:src/context/ThemeContext.tsx
FN:12,(anonymous_0)
FN:20,(anonymous_1)
FN:21,(anonymous_2)
FN:26,(anonymous_3)
FN:35,(anonymous_4)
FN:36,(anonymous_5)
FNF:6
FNH:6
FNDA:16,(anonymous_0)
FNDA:16,(anonymous_1)
FNDA:12,(anonymous_2)
FNDA:16,(anonymous_3)
FNDA:4,(anonymous_4)
FNDA:4,(anonymous_5)
DA:10,2
DA:12,2
DA:13,16
DA:14,16
DA:15,0
DA:17,16
DA:20,2
DA:21,16
DA:22,12
DA:23,12
DA:26,16
DA:27,16
DA:28,16
DA:29,5
DA:31,11
DA:35,16
DA:36,4
DA:39,16
LF:18
LH:17
BRDA:14,0,0,0
BRDA:14,0,1,16
BRDA:23,1,0,12
BRDA:23,1,1,4
BRDA:28,2,0,5
BRDA:28,2,1,11
BRDA:36,3,0,3
BRDA:36,3,1,1
BRF:8
BRH:7
end_of_record
TN:
SF:src/context/ToastContext.tsx
FN:13,(anonymous_0)
FN:14,(anonymous_1)
FN:14,(anonymous_2)
FN:17,(anonymous_3)
FN:20,(anonymous_4)
FN:22,(anonymous_5)
FN:23,(anonymous_6)
FNF:7
FNH:7
FNDA:1,(anonymous_0)
FNDA:1,(anonymous_1)
FNDA:1,(anonymous_2)
FNDA:38,(anonymous_3)
FNDA:12,(anonymous_4)
FNDA:12,(anonymous_5)
FNDA:1,(anonymous_6)
DA:10,4
DA:11,4
DA:13,4
DA:14,1
DA:17,4
DA:18,38
DA:20,38
DA:21,12
DA:22,12
DA:23,12
DA:26,38
LF:11
LH:11
BRF:0
BRH:0
end_of_record
TN:
SF:src/context/WishlistContext.tsx
FN:14,(anonymous_0)
FN:17,(anonymous_1)
FN:18,(anonymous_2)
FN:19,(anonymous_3)
FN:26,(anonymous_4)
FN:27,(anonymous_5)
FN:27,(anonymous_6)
FN:30,(anonymous_7)
FN:31,(anonymous_8)
FN:34,(anonymous_9)
FNF:10
FNH:10
FNDA:17,(anonymous_0)
FNDA:5,(anonymous_1)
FNDA:5,(anonymous_2)
FNDA:1,(anonymous_3)
FNDA:1,(anonymous_4)
FNDA:1,(anonymous_5)
FNDA:1,(anonymous_6)
FNDA:3,(anonymous_7)
FNDA:2,(anonymous_8)
FNDA:17,(anonymous_9)
DA:12,2
DA:14,2
DA:15,17
DA:17,17
DA:18,5
DA:19,5
DA:20,1
DA:22,4
DA:26,17
DA:27,1
DA:30,17
DA:31,3
DA:34,17
DA:36,17
DA:44,17
LF:15
LH:15
BRDA:19,0,0,1
BRDA:19,0,1,4
BRF:2
BRH:2
end_of_record
TN:
SF:src/hooks/useCart.ts
FN:4,(anonymous_0)
FNF:1
FNH:1
FNDA:28,(anonymous_0)
DA:4,2
DA:5,28
DA:6,28
DA:7,0
DA:9,28
LF:5
LH:4
BRDA:6,0,0,0
BRDA:6,0,1,28
BRF:2
BRH:1
end_of_record
TN:
SF:src/hooks/useWishlist.ts
FN:4,(anonymous_0)
FNF:1
FNH:1
FNDA:8,(anonymous_0)
DA:4,1
DA:5,8
DA:6,8
DA:7,0
DA:9,8
LF:5
LH:4
BRDA:6,0,0,0
BRDA:6,0,1,8
BRF:2
BRH:1
end_of_record
TN:
SF:src/lib/utils.ts
FN:1,cn
FNF:1
FNH:1
FNDA:156,cn
DA:2,156
LF:1
LH:1
BRF:0
BRH:0
end_of_record
