TN:
SF:src/constants.tsx
FN:5,(anonymous_0)
FN:11,(anonymous_1)
FN:17,(anonymous_2)
FN:23,(anonymous_3)
FN:29,(anonymous_4)
FN:35,(anonymous_5)
FN:41,(anonymous_6)
FN:47,(anonymous_7)
FN:53,(anonymous_8)
FN:59,(anonymous_9)
FN:65,(anonymous_10)
FN:71,(anonymous_11)
FN:77,(anonymous_12)
FN:83,(anonymous_13)
FNF:14
FNH:8
FNDA:60,(anonymous_0)
FNDA:30,(anonymous_1)
FNDA:8,(anonymous_2)
FNDA:8,(anonymous_3)
FNDA:0,(anonymous_4)
FNDA:0,(anonymous_5)
FNDA:0,(anonymous_6)
FNDA:0,(anonymous_7)
FNDA:15,(anonymous_8)
FNDA:0,(anonymous_9)
FNDA:5,(anonymous_10)
FNDA:30,(anonymous_11)
FNDA:16,(anonymous_12)
FNDA:0,(anonymous_13)
DA:5,5
DA:6,60
DA:11,5
DA:12,30
DA:17,5
DA:18,8
DA:23,5
DA:24,8
DA:29,5
DA:30,0
DA:35,5
DA:36,0
DA:41,5
DA:42,0
DA:47,5
DA:48,0
DA:53,5
DA:54,15
DA:59,5
DA:60,0
DA:65,5
DA:66,5
DA:71,5
DA:72,30
DA:77,5
DA:78,16
DA:83,5
DA:84,0
LF:28
LH:22
BRF:0
BRH:0
end_of_record
TN:
SF:src/components/Chatbot.tsx
FN:20,(anonymous_0)
FN:26,(anonymous_1)
FN:32,(anonymous_2)
FN:38,(anonymous_3)
FN:47,(anonymous_4)
FN:51,(anonymous_5)
FN:55,(anonymous_6)
FN:64,(anonymous_7)
FN:86,(anonymous_8)
FN:107,(anonymous_9)
FN:112,(anonymous_10)
FN:122,(anonymous_11)
FN:133,(anonymous_12)
FN:156,(anonymous_13)
FN:192,(anonymous_14)
FNF:15
FNH:15
FNDA:53,(anonymous_0)
FNDA:36,(anonymous_1)
FNDA:36,(anonymous_2)
FNDA:53,(anonymous_3)
FNDA:28,(anonymous_4)
FNDA:28,(anonymous_5)
FNDA:7,(anonymous_6)
FNDA:6,(anonymous_7)
FNDA:6,(anonymous_8)
FNDA:3,(anonymous_9)
FNDA:3,(anonymous_10)
FNDA:7,(anonymous_11)
FNDA:16,(anonymous_12)
FNDA:54,(anonymous_13)
FNDA:9,(anonymous_14)
DA:9,1
DA:20,1
DA:21,53
DA:26,1
DA:27,36
DA:32,1
DA:33,36
DA:38,1
DA:39,53
DA:40,53
DA:43,53
DA:44,53
DA:45,53
DA:47,53
DA:48,28
DA:51,53
DA:52,28
DA:55,53
DA:56,7
DA:58,6
DA:64,6
DA:65,6
DA:66,6
DA:68,6
DA:69,6
DA:71,7
DA:72,0
DA:75,6
DA:76,6
DA:86,6
DA:95,5
DA:96,1
DA:99,4
DA:101,4
DA:102,3
DA:107,3
DA:109,1
DA:112,3
DA:118,6
DA:122,53
DA:123,7
DA:124,6
DA:125,6
DA:129,53
DA:133,16
DA:157,54
DA:192,9
LF:47
LH:46
BRDA:56,0,0,1
BRDA:56,0,1,6
BRDA:56,1,0,7
BRDA:56,1,1,6
BRDA:71,2,0,0
BRDA:71,2,1,7
BRDA:95,3,0,1
BRDA:95,3,1,4
BRDA:101,4,0,3
BRDA:101,4,1,1
BRDA:123,5,0,6
BRDA:123,5,1,1
BRDA:123,6,0,7
BRDA:123,6,1,7
BRDA:137,7,0,36
BRDA:137,7,1,17
BRDA:141,8,0,53
BRDA:141,8,1,36
BRDA:159,9,0,12
BRDA:159,9,1,42
BRDA:163,10,0,12
BRDA:163,10,1,42
BRDA:172,11,0,36
BRDA:172,11,1,6
BRDA:200,12,0,36
BRDA:200,12,1,30
BRF:26
BRH:25
end_of_record
TN:
SF:src/components/Footer.tsx
FN:3,(anonymous_0)
FNF:1
FNH:1
FNDA:4,(anonymous_0)
DA:3,1
DA:4,4
LF:2
LH:2
BRF:0
BRH:0
end_of_record
TN:
SF:src/components/Header.tsx
FN:10,(anonymous_0)
FN:16,(anonymous_1)
FN:26,(anonymous_2)
FN:32,(anonymous_3)
FN:42,(anonymous_4)
FN:49,(anonymous_5)
FN:50,(anonymous_6)
FN:58,(anonymous_7)
FN:66,(anonymous_8)
FN:78,(anonymous_9)
FN:94,(anonymous_10)
FN:99,(anonymous_11)
FN:100,(anonymous_12)
FN:102,(anonymous_13)
FNF:14
FNH:12
FNDA:2,(anonymous_0)
FNDA:28,(anonymous_1)
FNDA:30,(anonymous_2)
FNDA:10,(anonymous_3)
FNDA:1,(anonymous_4)
FNDA:1,(anonymous_5)
FNDA:1,(anonymous_6)
FNDA:2,(anonymous_7)
FNDA:0,(anonymous_8)
FNDA:1,(anonymous_9)
FNDA:0,(anonymous_10)
FNDA:2,(anonymous_11)
FNDA:1,(anonymous_12)
FNDA:1,(anonymous_13)
DA:10,1
DA:11,2
DA:16,1
DA:17,28
DA:26,1
DA:27,30
DA:28,30
DA:29,30
DA:30,30
DA:32,30
DA:33,10
DA:34,10
DA:37,30
DA:42,1
DA:49,1
DA:50,1
DA:58,2
DA:66,0
DA:78,1
DA:94,0
DA:99,2
DA:100,1
DA:102,1
LF:23
LH:21
BRDA:55,0,0,28
BRDA:55,0,1,2
BRDA:56,1,0,28
BRDA:56,1,1,2
BRDA:60,2,0,30
BRDA:60,2,1,8
BRDA:68,3,0,30
BRDA:68,3,1,8
BRDA:80,4,0,30
BRDA:80,4,1,8
BRF:10
BRH:10
end_of_record
TN:
SF:src/components/Hero.tsx
FN:6,(anonymous_0)
FN:9,(anonymous_1)
FN:10,(anonymous_2)
FN:11,(anonymous_3)
FN:14,(anonymous_4)
FN:37,(anonymous_5)
FNF:6
FNH:6
FNDA:8,(anonymous_0)
FNDA:6,(anonymous_1)
FNDA:2,(anonymous_2)
FNDA:6,(anonymous_3)
FNDA:48,(anonymous_4)
FNDA:1,(anonymous_5)
DA:6,1
DA:7,8
DA:9,8
DA:10,6
DA:11,6
DA:14,48
DA:20,8
DA:37,1
LF:8
LH:8
BRDA:16,0,0,12
BRDA:16,0,1,36
BRDA:17,1,0,12
BRDA:17,1,1,36
BRF:4
BRH:4
end_of_record
TN:
SF:src/components/Team.tsx
FN:13,(anonymous_0)
FN:16,(anonymous_1)
FN:53,(anonymous_2)
FNF:3
FNH:3
FNDA:15,(anonymous_0)
FNDA:4,(anonymous_1)
FNDA:3,(anonymous_2)
DA:13,1
DA:14,15
DA:16,15
DA:17,4
DA:18,4
DA:19,1
DA:20,1
DA:23,3
DA:24,3
DA:25,3
DA:46,3
DA:54,1
DA:55,1
DA:70,4
DA:71,4
DA:72,4
DA:75,15
LF:17
LH:17
BRDA:18,0,0,1
BRDA:18,0,1,3
BRDA:58,1,0,3
BRDA:58,1,1,0
BRDA:59,2,0,4
BRDA:59,2,1,0
BRF:6
BRH:4
end_of_record
TN:
SF:src/components/TeamCard.tsx
FN:4,(anonymous_0)
FN:11,(anonymous_1)
FNF:2
FNH:2
FNDA:15,(anonymous_0)
FNDA:5,(anonymous_1)
DA:4,1
DA:5,15
DA:7,15
DA:12,5
LF:4
LH:4
BRF:0
BRH:0
end_of_record
TN:
SF:src/components/ui/Button.tsx
FN:28,(anonymous_0)
FNF:1
FNH:1
FNDA:267,(anonymous_0)
DA:9,4
DA:27,4
DA:29,267
DA:43,4
LF:4
LH:4
BRDA:28,0,0,267
BRDA:28,1,0,267
BRF:2
BRH:2
end_of_record
TN:
SF:src/components/ui/Input.tsx
FN:6,(anonymous_0)
FNF:1
FNH:1
FNDA:75,(anonymous_0)
DA:6,1
DA:7,75
DA:19,1
LF:3
LH:3
BRF:0
BRH:0
end_of_record
TN:
SF:src/components/ui/Select.tsx
FN:14,(anonymous_0)
FN:24,(anonymous_1)
FN:27,(anonymous_2)
FN:41,(anonymous_3)
FN:48,(anonymous_4)
FN:65,(anonymous_5)
FN:76,(anonymous_6)
FN:80,(anonymous_7)
FN:81,(anonymous_8)
FN:89,(anonymous_9)
FN:114,(anonymous_10)
FN:118,(anonymous_11)
FN:127,(anonymous_12)
FNF:13
FNH:13
FNDA:164,(anonymous_0)
FNDA:46,(anonymous_1)
FNDA:46,(anonymous_2)
FNDA:46,(anonymous_3)
FNDA:17,(anonymous_4)
FNDA:46,(anonymous_5)
FNDA:46,(anonymous_6)
FNDA:42,(anonymous_7)
FNDA:2,(anonymous_8)
FNDA:42,(anonymous_9)
FNDA:26,(anonymous_10)
FNDA:4,(anonymous_11)
FNDA:2,(anonymous_12)
DA:12,1
DA:14,1
DA:15,164
DA:16,164
DA:17,164
DA:24,1
DA:25,46
DA:27,46
DA:34,46
DA:41,1
DA:42,46
DA:43,46
DA:45,46
DA:48,17
DA:65,1
DA:66,46
DA:70,46
DA:74,1
DA:76,1
DA:77,46
DA:78,46
DA:80,46
DA:81,42
DA:82,2
DA:83,1
DA:86,42
DA:87,16
DA:89,42
DA:90,42
DA:94,46
DA:96,18
DA:114,1
DA:115,26
DA:116,26
DA:118,26
DA:119,4
DA:120,4
DA:123,26
DA:127,2
LF:39
LH:39
BRDA:16,0,0,0
BRDA:16,0,1,164
BRDA:70,1,0,46
BRDA:70,1,1,35
BRDA:82,2,0,1
BRDA:82,2,1,1
BRDA:82,3,0,2
BRDA:82,3,1,2
BRDA:86,4,0,16
BRDA:86,4,1,26
BRDA:94,5,0,28
BRDA:94,5,1,18
BRDA:127,6,0,2
BRDA:127,6,1,1
BRDA:133,7,0,26
BRDA:133,7,1,5
BRDA:137,8,0,26
BRDA:137,8,1,5
BRF:18
BRH:17
end_of_record
TN:
SF:src/components/ui/Sheet.tsx
FN:13,(anonymous_0)
FN:21,(anonymous_1)
FN:29,(anonymous_2)
FN:37,(anonymous_3)
FN:47,(anonymous_4)
FN:53,(anonymous_5)
FN:56,(anonymous_6)
FN:59,(anonymous_7)
FN:63,(anonymous_8)
FN:64,(anonymous_9)
FN:70,(anonymous_10)
FN:81,(anonymous_11)
FN:102,(anonymous_12)
FN:107,(anonymous_13)
FN:118,(anonymous_14)
FNF:15
FNH:13
FNDA:90,(anonymous_0)
FNDA:45,(anonymous_1)
FNDA:45,(anonymous_2)
FNDA:8,(anonymous_3)
FNDA:45,(anonymous_4)
FNDA:44,(anonymous_5)
FNDA:0,(anonymous_6)
FNDA:0,(anonymous_7)
FNDA:32,(anonymous_8)
FNDA:2,(anonymous_9)
FNDA:32,(anonymous_10)
FNDA:1,(anonymous_11)
FNDA:1,(anonymous_12)
FNDA:23,(anonymous_13)
FNDA:8,(anonymous_14)
DA:11,2
DA:13,2
DA:14,90
DA:15,90
DA:16,0
DA:18,90
DA:21,2
DA:22,45
DA:29,2
DA:30,45
DA:31,45
DA:36,45
DA:38,8
DA:39,1
DA:41,8
DA:47,2
DA:48,45
DA:49,45
DA:50,45
DA:51,45
DA:53,45
DA:54,44
DA:55,0
DA:56,0
DA:57,0
DA:59,0
DA:63,45
DA:64,32
DA:65,2
DA:66,1
DA:69,32
DA:70,32
DA:73,45
DA:75,16
DA:77,45
DA:81,1
DA:102,1
DA:108,23
DA:109,8
DA:111,15
DA:118,2
DA:119,8
DA:123,2
LF:43
LH:38
BRDA:15,0,0,0
BRDA:15,0,1,90
BRDA:38,1,0,1
BRDA:38,1,1,7
BRDA:54,2,0,0
BRDA:54,2,1,44
BRDA:54,3,0,44
BRDA:54,3,1,28
BRDA:65,4,0,1
BRDA:65,4,1,1
BRDA:73,5,0,29
BRDA:73,5,1,16
BRDA:73,6,0,45
BRDA:73,6,1,29
BRDA:75,7,0,16
BRDA:75,7,1,0
BRDA:84,8,0,16
BRDA:84,8,1,0
BRDA:108,9,0,8
BRDA:108,9,1,15
BRDA:108,10,0,23
BRDA:108,10,1,23
BRF:22
BRH:18
end_of_record
TN:
SF:src/context/CartContext.tsx
FN:6,(anonymous_0)
FN:26,(anonymous_1)
FN:30,(anonymous_2)
FN:31,(anonymous_3)
FN:32,(anonymous_4)
FN:34,(anonymous_5)
FN:43,(anonymous_6)
FN:44,(anonymous_7)
FN:44,(anonymous_8)
FN:47,(anonymous_9)
FN:51,(anonymous_10)
FN:52,(anonymous_11)
FN:59,(anonymous_12)
FN:63,(anonymous_13)
FN:64,(anonymous_14)
FN:67,(anonymous_15)
FN:68,(anonymous_16)
FNF:17
FNH:17
FNDA:44,(anonymous_0)
FNDA:45,(anonymous_1)
FNDA:8,(anonymous_2)
FNDA:8,(anonymous_3)
FNDA:2,(anonymous_4)
FNDA:1,(anonymous_5)
FNDA:2,(anonymous_6)
FNDA:2,(anonymous_7)
FNDA:2,(anonymous_8)
FNDA:2,(anonymous_9)
FNDA:1,(anonymous_10)
FNDA:1,(anonymous_11)
FNDA:1,(anonymous_12)
FNDA:42,(anonymous_13)
FNDA:8,(anonymous_14)
FNDA:42,(anonymous_15)
FNDA:8,(anonymous_16)
DA:6,4
DA:7,44
DA:8,44
DA:9,2
DA:11,42
DA:24,4
DA:26,4
DA:27,45
DA:28,45
DA:30,45
DA:31,8
DA:32,8
DA:33,8
DA:34,1
DA:35,1
DA:38,7
DA:40,8
DA:43,45
DA:44,2
DA:47,45
DA:48,2
DA:49,1
DA:51,1
DA:52,1
DA:53,1
DA:59,45
DA:60,1
DA:63,45
DA:64,42
DA:67,45
DA:68,42
DA:71,45
DA:81,45
LF:33
LH:33
BRDA:8,0,0,2
BRDA:8,0,1,42
BRDA:33,1,0,1
BRDA:33,1,1,7
BRDA:35,2,0,1
BRDA:35,2,1,0
BRDA:48,3,0,1
BRDA:48,3,1,1
BRDA:53,4,0,1
BRDA:53,4,1,0
BRF:10
BRH:8
end_of_record
TN:
SF:src/context/ThemeContext.tsx
FN:12,(anonymous_0)
FN:20,(anonymous_1)
FN:21,(anonymous_2)
FN:26,(anonymous_3)
FN:35,(anonymous_4)
FN:36,(anonymous_5)
FNF:6
FNH:6
FNDA:40,(anonymous_0)
FNDA:27,(anonymous_1)
FNDA:23,(anonymous_2)
FNDA:27,(anonymous_3)
FNDA:4,(anonymous_4)
FNDA:4,(anonymous_5)
DA:10,2
DA:12,2
DA:13,40
DA:14,40
DA:15,2
DA:17,38
DA:20,2
DA:21,27
DA:22,23
DA:23,23
DA:26,27
DA:27,27
DA:28,27
DA:29,6
DA:31,21
DA:35,27
DA:36,4
DA:39,27
LF:18
LH:18
BRDA:14,0,0,2
BRDA:14,0,1,38
BRDA:23,1,0,23
BRDA:23,1,1,20
BRDA:28,2,0,6
BRDA:28,2,1,21
BRDA:36,3,0,3
BRDA:36,3,1,1
BRF:8
BRH:8
end_of_record
TN:
SF:src/context/ToastContext.tsx
FN:13,(anonymous_0)
FN:14,(anonymous_1)
FN:14,(anonymous_2)
FN:17,(anonymous_3)
FN:20,(anonymous_4)
FN:22,(anonymous_5)
FN:23,(anonymous_6)
FNF:7
FNH:7
FNDA:1,(anonymous_0)
FNDA:1,(anonymous_1)
FNDA:1,(anonymous_2)
FNDA:55,(anonymous_3)
FNDA:12,(anonymous_4)
FNDA:12,(anonymous_5)
FNDA:1,(anonymous_6)
DA:10,5
DA:11,5
DA:13,5
DA:14,1
DA:17,5
DA:18,55
DA:20,55
DA:21,12
DA:22,12
DA:23,12
DA:26,55
LF:11
LH:11
BRF:0
BRH:0
end_of_record
TN:
SF:src/context/WishlistContext.tsx
FN:14,(anonymous_0)
FN:17,(anonymous_1)
FN:18,(anonymous_2)
FN:19,(anonymous_3)
FN:26,(anonymous_4)
FN:27,(anonymous_5)
FN:27,(anonymous_6)
FN:30,(anonymous_7)
FN:31,(anonymous_8)
FN:34,(anonymous_9)
FNF:10
FNH:10
FNDA:25,(anonymous_0)
FNDA:5,(anonymous_1)
FNDA:5,(anonymous_2)
FNDA:1,(anonymous_3)
FNDA:1,(anonymous_4)
FNDA:1,(anonymous_5)
FNDA:1,(anonymous_6)
FNDA:3,(anonymous_7)
FNDA:2,(anonymous_8)
FNDA:25,(anonymous_9)
DA:12,3
DA:14,3
DA:15,25
DA:17,25
DA:18,5
DA:19,5
DA:20,1
DA:22,4
DA:26,25
DA:27,1
DA:30,25
DA:31,3
DA:34,25
DA:36,25
DA:44,25
LF:15
LH:15
BRDA:19,0,0,1
BRDA:19,0,1,4
BRF:2
BRH:2
end_of_record
TN:
SF:src/hooks/useCart.ts
FN:4,(anonymous_0)
FNF:1
FNH:1
FNDA:63,(anonymous_0)
DA:4,3
DA:5,63
DA:6,63
DA:7,2
DA:9,61
LF:5
LH:5
BRDA:6,0,0,2
BRDA:6,0,1,61
BRF:2
BRH:2
end_of_record
TN:
SF:src/hooks/useWishlist.ts
FN:4,(anonymous_0)
FNF:1
FNH:1
FNDA:33,(anonymous_0)
DA:4,2
DA:5,33
DA:6,33
DA:7,2
DA:9,31
LF:5
LH:5
BRDA:6,0,0,2
BRDA:6,0,1,31
BRF:2
BRH:2
end_of_record
TN:
SF:src/lib/utils.ts
FN:1,cn
FNF:1
FNH:1
FNDA:472,cn
DA:2,472
LF:1
LH:1
BRF:0
BRH:0
end_of_record
